# JRE version: OpenJDK Runtime Environment Temurin-21.0.8+9 (21.0.8+9) (build 21.0.8+9-LTS)
# Java VM: OpenJDK 64-Bit Server VM Temurin-21.0.8+9 (21.0.8+9-LTS, mixed mode, sharing, tiered, compressed oops, compressed class ptrs, parallel gc, windows-amd64)
GC Precious Log:
 CardTable entry size: 512
 CPUs: 8 total, 8 available
 Memory: 7502M
 Large Page Support: Disabled
 NUMA Support: Disabled
 Compressed Oops: Enabled (32-bit)
 Alignments: Space 512K, Generation 512K, Heap 2M
 Heap Min Capacity: 100M
 Heap Initial Capacity: 100M
 Heap Max Capacity: 2G
 Pre-touch: Disabled
 Parallel Workers: 8
Heap:
 PSYoungGen      total 12800K, used 9292K [0x00000000d5580000, 0x00000000d6f00000, 0x0000000100000000)
  eden space 12288K, 72% used [0x00000000d5580000,0x00000000d5e3d020,0x00000000d6180000)
  from space 512K, 67% used [0x00000000d6e80000,0x00000000d6ed61c0,0x00000000d6f00000)
  to   space 2560K, 0% used [0x00000000d6a00000,0x00000000d6a00000,0x00000000d6c80000)
 ParOldGen       total 133632K, used 133146K [0x0000000080000000, 0x0000000088280000, 0x00000000d5580000)
  object space 133632K, 99% used [0x0000000080000000,0x00000000882068a8,0x0000000088280000)
 Metaspace       used 66673K, committed 68096K, reserved 1114112K
  class space    used 7163K, committed 7744K, reserved 1048576K
GC Heap History (20 events):
Event: 46.971 GC heap before
{Heap before GC invocations=46 (full 3):
 PSYoungGen      total 14336K, used 14296K [0x00000000d5580000, 0x00000000d6600000, 0x0000000100000000)
  eden space 13824K, 99% used [0x00000000d5580000,0x00000000d62fccd0,0x00000000d6300000)
  from space 512K, 94% used [0x00000000d6580000,0x00000000d65f9440,0x00000000d6600000)
  to   space 1024K, 0% used [0x00000000d6400000,0x00000000d6400000,0x00000000d6500000)
 ParOldGen       total 68608K, used 41410K [0x0000000080000000, 0x0000000084300000, 0x00000000d5580000)
  object space 68608K, 60% used [0x0000000080000000,0x00000000828709a0,0x0000000084300000)
 Metaspace       used 62610K, committed 63936K, reserved 1114112K
  class space    used 6758K, committed 7296K, reserved 1048576K
}
Event: 46.974 GC heap after
{Heap after GC invocations=46 (full 3):
 PSYoungGen      total 14848K, used 1002K [0x00000000d5580000, 0x00000000d6700000, 0x0000000100000000)
  eden space 13824K, 0% used [0x00000000d5580000,0x00000000d5580000,0x00000000d6300000)
  from space 1024K, 97% used [0x00000000d6400000,0x00000000d64faaa0,0x00000000d6500000)
  to   space 2048K, 0% used [0x00000000d6500000,0x00000000d6500000,0x00000000d6700000)
 ParOldGen       total 68608K, used 42190K [0x0000000080000000, 0x0000000084300000, 0x00000000d5580000)
  object space 68608K, 61% used [0x0000000080000000,0x0000000082933b38,0x0000000084300000)
 Metaspace       used 62610K, committed 63936K, reserved 1114112K
  class space    used 6758K, committed 7296K, reserved 1048576K
}
Event: 47.281 GC heap before
{Heap before GC invocations=47 (full 3):
 PSYoungGen      total 14848K, used 14815K [0x00000000d5580000, 0x00000000d6700000, 0x0000000100000000)
  eden space 13824K, 99% used [0x00000000d5580000,0x00000000d62fd388,0x00000000d6300000)
  from space 1024K, 97% used [0x00000000d6400000,0x00000000d64faaa0,0x00000000d6500000)
  to   space 2048K, 0% used [0x00000000d6500000,0x00000000d6500000,0x00000000d6700000)
 ParOldGen       total 68608K, used 42190K [0x0000000080000000, 0x0000000084300000, 0x00000000d5580000)
  object space 68608K, 61% used [0x0000000080000000,0x0000000082933b38,0x0000000084300000)
 Metaspace       used 64045K, committed 65472K, reserved 1114112K
  class space    used 6912K, committed 7488K, reserved 1048576K
}
Event: 47.284 GC heap after
{Heap after GC invocations=47 (full 3):
 PSYoungGen      total 15872K, used 1442K [0x00000000d5580000, 0x00000000d6700000, 0x0000000100000000)
  eden space 13824K, 0% used [0x00000000d5580000,0x00000000d5580000,0x00000000d6300000)
  from space 2048K, 70% used [0x00000000d6500000,0x00000000d6668b60,0x00000000d6700000)
  to   space 2048K, 0% used [0x00000000d6300000,0x00000000d6300000,0x00000000d6500000)
 ParOldGen       total 68608K, used 43165K [0x0000000080000000, 0x0000000084300000, 0x00000000d5580000)
  object space 68608K, 62% used [0x0000000080000000,0x0000000082a27490,0x0000000084300000)
 Metaspace       used 64045K, committed 65472K, reserved 1114112K
  class space    used 6912K, committed 7488K, reserved 1048576K
}
Event: 47.561 GC heap before
{Heap before GC invocations=48 (full 3):
 PSYoungGen      total 15872K, used 13994K [0x00000000d5580000, 0x00000000d6700000, 0x0000000100000000)
  eden space 13824K, 90% used [0x00000000d5580000,0x00000000d61c1f10,0x00000000d6300000)
  from space 2048K, 70% used [0x00000000d6500000,0x00000000d6668b60,0x00000000d6700000)
  to   space 2048K, 0% used [0x00000000d6300000,0x00000000d6300000,0x00000000d6500000)
 ParOldGen       total 68608K, used 43165K [0x0000000080000000, 0x0000000084300000, 0x00000000d5580000)
  object space 68608K, 62% used [0x0000000080000000,0x0000000082a27490,0x0000000084300000)
 Metaspace       used 64670K, committed 66048K, reserved 1114112K
  class space    used 6976K, committed 7552K, reserved 1048576K
}
Event: 47.565 GC heap after
{Heap after GC invocations=48 (full 3):
 PSYoungGen      total 15872K, used 1637K [0x00000000d5580000, 0x00000000d6700000, 0x0000000100000000)
  eden space 13824K, 0% used [0x00000000d5580000,0x00000000d5580000,0x00000000d6300000)
  from space 2048K, 79% used [0x00000000d6300000,0x00000000d64994c0,0x00000000d6500000)
  to   space 2048K, 0% used [0x00000000d6500000,0x00000000d6500000,0x00000000d6700000)
 ParOldGen       total 68608K, used 47009K [0x0000000080000000, 0x0000000084300000, 0x00000000d5580000)
  object space 68608K, 68% used [0x0000000080000000,0x0000000082de8588,0x0000000084300000)
 Metaspace       used 64670K, committed 66048K, reserved 1114112K
  class space    used 6976K, committed 7552K, reserved 1048576K
}
Event: 47.750 GC heap before
{Heap before GC invocations=49 (full 3):
 PSYoungGen      total 15872K, used 15461K [0x00000000d5580000, 0x00000000d6700000, 0x0000000100000000)
  eden space 13824K, 100% used [0x00000000d5580000,0x00000000d6300000,0x00000000d6300000)
  from space 2048K, 79% used [0x00000000d6300000,0x00000000d64994c0,0x00000000d6500000)
  to   space 2048K, 0% used [0x00000000d6500000,0x00000000d6500000,0x00000000d6700000)
 ParOldGen       total 95232K, used 92008K [0x0000000080000000, 0x0000000085d00000, 0x00000000d5580000)
  object space 95232K, 96% used [0x0000000080000000,0x00000000859da0e8,0x0000000085d00000)
 Metaspace       used 64952K, committed 66304K, reserved 1114112K
  class space    used 7004K, committed 7552K, reserved 1048576K
}
Event: 47.754 GC heap after
{Heap after GC invocations=49 (full 3):
 PSYoungGen      total 14336K, used 2036K [0x00000000d5580000, 0x00000000d6a00000, 0x0000000100000000)
  eden space 12288K, 0% used [0x00000000d5580000,0x00000000d5580000,0x00000000d6180000)
  from space 2048K, 99% used [0x00000000d6500000,0x00000000d66fd350,0x00000000d6700000)
  to   space 3584K, 0% used [0x00000000d6180000,0x00000000d6180000,0x00000000d6500000)
 ParOldGen       total 95232K, used 93007K [0x0000000080000000, 0x0000000085d00000, 0x00000000d5580000)
  object space 95232K, 97% used [0x0000000080000000,0x0000000085ad3ef0,0x0000000085d00000)
 Metaspace       used 64952K, committed 66304K, reserved 1114112K
  class space    used 7004K, committed 7552K, reserved 1048576K
}
Event: 47.849 GC heap before
{Heap before GC invocations=50 (full 3):
 PSYoungGen      total 14336K, used 14324K [0x00000000d5580000, 0x00000000d6a00000, 0x0000000100000000)
  eden space 12288K, 100% used [0x00000000d5580000,0x00000000d6180000,0x00000000d6180000)
  from space 2048K, 99% used [0x00000000d6500000,0x00000000d66fd350,0x00000000d6700000)
  to   space 3584K, 0% used [0x00000000d6180000,0x00000000d6180000,0x00000000d6500000)
 ParOldGen       total 95232K, used 93007K [0x0000000080000000, 0x0000000085d00000, 0x00000000d5580000)
  object space 95232K, 97% used [0x0000000080000000,0x0000000085ad3ef0,0x0000000085d00000)
 Metaspace       used 64983K, committed 66304K, reserved 1114112K
  class space    used 7007K, committed 7552K, reserved 1048576K
}
Event: 47.857 GC heap after
{Heap after GC invocations=50 (full 3):
 PSYoungGen      total 15872K, used 3567K [0x00000000d5580000, 0x00000000d7880000, 0x0000000100000000)
  eden space 12288K, 0% used [0x00000000d5580000,0x00000000d5580000,0x00000000d6180000)
  from space 3584K, 99% used [0x00000000d6180000,0x00000000d64fbcd0,0x00000000d6500000)
  to   space 11776K, 0% used [0x00000000d6d00000,0x00000000d6d00000,0x00000000d7880000)
 ParOldGen       total 99840K, used 99630K [0x0000000080000000, 0x0000000086180000, 0x00000000d5580000)
  object space 99840K, 99% used [0x0000000080000000,0x000000008614ba38,0x0000000086180000)
 Metaspace       used 64983K, committed 66304K, reserved 1114112K
  class space    used 7007K, committed 7552K, reserved 1048576K
}
Event: 47.942 GC heap before
{Heap before GC invocations=51 (full 3):
 PSYoungGen      total 15872K, used 15855K [0x00000000d5580000, 0x00000000d7880000, 0x0000000100000000)
  eden space 12288K, 100% used [0x00000000d5580000,0x00000000d6180000,0x00000000d6180000)
  from space 3584K, 99% used [0x00000000d6180000,0x00000000d64fbcd0,0x00000000d6500000)
  to   space 11776K, 0% used [0x00000000d6d00000,0x00000000d6d00000,0x00000000d7880000)
 ParOldGen       total 99840K, used 99630K [0x0000000080000000, 0x0000000086180000, 0x00000000d5580000)
  object space 99840K, 99% used [0x0000000080000000,0x000000008614ba38,0x0000000086180000)
 Metaspace       used 65073K, committed 66368K, reserved 1114112K
  class space    used 7015K, committed 7552K, reserved 1048576K
}
Event: 47.951 GC heap after
{Heap after GC invocations=51 (full 3):
 PSYoungGen      total 20480K, used 8160K [0x00000000d5580000, 0x00000000d7500000, 0x0000000100000000)
  eden space 12288K, 0% used [0x00000000d5580000,0x00000000d5580000,0x00000000d6180000)
  from space 8192K, 99% used [0x00000000d6d00000,0x00000000d74f8000,0x00000000d7500000)
  to   space 9216K, 0% used [0x00000000d6300000,0x00000000d6300000,0x00000000d6c00000)
 ParOldGen       total 103424K, used 103182K [0x0000000080000000, 0x0000000086500000, 0x00000000d5580000)
  object space 103424K, 99% used [0x0000000080000000,0x00000000864c38a0,0x0000000086500000)
 Metaspace       used 65073K, committed 66368K, reserved 1114112K
  class space    used 7015K, committed 7552K, reserved 1048576K
}
Event: 48.075 GC heap before
{Heap before GC invocations=52 (full 3):
 PSYoungGen      total 20480K, used 20448K [0x00000000d5580000, 0x00000000d7500000, 0x0000000100000000)
  eden space 12288K, 100% used [0x00000000d5580000,0x00000000d6180000,0x00000000d6180000)
  from space 8192K, 99% used [0x00000000d6d00000,0x00000000d74f8000,0x00000000d7500000)
  to   space 9216K, 0% used [0x00000000d6300000,0x00000000d6300000,0x00000000d6c00000)
 ParOldGen       total 103424K, used 103182K [0x0000000080000000, 0x0000000086500000, 0x00000000d5580000)
  object space 103424K, 99% used [0x0000000080000000,0x00000000864c38a0,0x0000000086500000)
 Metaspace       used 65073K, committed 66368K, reserved 1114112K
  class space    used 7015K, committed 7552K, reserved 1048576K
}
Event: 48.087 GC heap after
{Heap after GC invocations=52 (full 3):
 PSYoungGen      total 21504K, used 9216K [0x00000000d5580000, 0x00000000d8780000, 0x0000000100000000)
  eden space 12288K, 0% used [0x00000000d5580000,0x00000000d5580000,0x00000000d6180000)
  from space 9216K, 100% used [0x00000000d6300000,0x00000000d6c00000,0x00000000d6c00000)
  to   space 19456K, 0% used [0x00000000d7480000,0x00000000d7480000,0x00000000d8780000)
 ParOldGen       total 111616K, used 111499K [0x0000000080000000, 0x0000000086d00000, 0x00000000d5580000)
  object space 111616K, 99% used [0x0000000080000000,0x0000000086ce2d30,0x0000000086d00000)
 Metaspace       used 65073K, committed 66368K, reserved 1114112K
  class space    used 7015K, committed 7552K, reserved 1048576K
}
Event: 48.217 GC heap before
{Heap before GC invocations=53 (full 3):
 PSYoungGen      total 21504K, used 21504K [0x00000000d5580000, 0x00000000d8780000, 0x0000000100000000)
  eden space 12288K, 100% used [0x00000000d5580000,0x00000000d6180000,0x00000000d6180000)
  from space 9216K, 100% used [0x00000000d6300000,0x00000000d6c00000,0x00000000d6c00000)
  to   space 19456K, 0% used [0x00000000d7480000,0x00000000d7480000,0x00000000d8780000)
 ParOldGen       total 111616K, used 111499K [0x0000000080000000, 0x0000000086d00000, 0x00000000d5580000)
  object space 111616K, 99% used [0x0000000080000000,0x0000000086ce2d30,0x0000000086d00000)
 Metaspace       used 65232K, committed 66560K, reserved 1114112K
  class space    used 7023K, committed 7552K, reserved 1048576K
}
Event: 48.229 GC heap after
{Heap after GC invocations=53 (full 3):
 PSYoungGen      total 20992K, used 8512K [0x00000000d5580000, 0x00000000d7d00000, 0x0000000100000000)
  eden space 12288K, 0% used [0x00000000d5580000,0x00000000d5580000,0x00000000d6180000)
  from space 8704K, 97% used [0x00000000d7480000,0x00000000d7cd0000,0x00000000d7d00000)
  to   space 11776K, 0% used [0x00000000d6600000,0x00000000d6600000,0x00000000d7180000)
 ParOldGen       total 120832K, used 120731K [0x0000000080000000, 0x0000000087600000, 0x00000000d5580000)
  object space 120832K, 99% used [0x0000000080000000,0x00000000875e6d30,0x0000000087600000)
 Metaspace       used 65232K, committed 66560K, reserved 1114112K
  class space    used 7023K, committed 7552K, reserved 1048576K
}
Event: 48.559 GC heap before
{Heap before GC invocations=54 (full 3):
 PSYoungGen      total 20992K, used 20692K [0x00000000d5580000, 0x00000000d7d00000, 0x0000000100000000)
  eden space 12288K, 99% used [0x00000000d5580000,0x00000000d61651b8,0x00000000d6180000)
  from space 8704K, 97% used [0x00000000d7480000,0x00000000d7cd0000,0x00000000d7d00000)
  to   space 11776K, 0% used [0x00000000d6600000,0x00000000d6600000,0x00000000d7180000)
 ParOldGen       total 120832K, used 120731K [0x0000000080000000, 0x0000000087600000, 0x00000000d5580000)
  object space 120832K, 99% used [0x0000000080000000,0x00000000875e6d30,0x0000000087600000)
 Metaspace       used 65574K, committed 66944K, reserved 1114112K
  class space    used 7062K, committed 7616K, reserved 1048576K
}
Event: 48.570 GC heap after
{Heap after GC invocations=54 (full 3):
 PSYoungGen      total 16896K, used 4599K [0x00000000d5580000, 0x00000000d7500000, 0x0000000100000000)
  eden space 12288K, 0% used [0x00000000d5580000,0x00000000d5580000,0x00000000d6180000)
  from space 4608K, 99% used [0x00000000d6600000,0x00000000d6a7df88,0x00000000d6a80000)
  to   space 6656K, 0% used [0x00000000d6e80000,0x00000000d6e80000,0x00000000d7500000)
 ParOldGen       total 129536K, used 129123K [0x0000000080000000, 0x0000000087e80000, 0x00000000d5580000)
  object space 129536K, 99% used [0x0000000080000000,0x0000000087e18d50,0x0000000087e80000)
 Metaspace       used 65574K, committed 66944K, reserved 1114112K
  class space    used 7062K, committed 7616K, reserved 1048576K
}
Event: 109.071 GC heap before
{Heap before GC invocations=55 (full 3):
 PSYoungGen      total 16896K, used 16876K [0x00000000d5580000, 0x00000000d7500000, 0x0000000100000000)
  eden space 12288K, 99% used [0x00000000d5580000,0x00000000d617d1c8,0x00000000d6180000)
  from space 4608K, 99% used [0x00000000d6600000,0x00000000d6a7df88,0x00000000d6a80000)
  to   space 6656K, 0% used [0x00000000d6e80000,0x00000000d6e80000,0x00000000d7500000)
 ParOldGen       total 129536K, used 129123K [0x0000000080000000, 0x0000000087e80000, 0x00000000d5580000)
  object space 129536K, 99% used [0x0000000080000000,0x0000000087e18d50,0x0000000087e80000)
 Metaspace       used 66166K, committed 67520K, reserved 1114112K
  class space    used 7115K, committed 7680K, reserved 1048576K
}
Event: 109.134 GC heap after
{Heap after GC invocations=55 (full 3):
 PSYoungGen      total 12800K, used 344K [0x00000000d5580000, 0x00000000d6f00000, 0x0000000100000000)
  eden space 12288K, 0% used [0x00000000d5580000,0x00000000d5580000,0x00000000d6180000)
  from space 512K, 67% used [0x00000000d6e80000,0x00000000d6ed61c0,0x00000000d6f00000)
  to   space 2560K, 0% used [0x00000000d6a00000,0x00000000d6a00000,0x00000000d6c80000)
 ParOldGen       total 133632K, used 133146K [0x0000000080000000, 0x0000000088280000, 0x00000000d5580000)
  object space 133632K, 99% used [0x0000000080000000,0x00000000882068a8,0x0000000088280000)
 Metaspace       used 66166K, committed 67520K, reserved 1114112K
  class space    used 7115K, committed 7680K, reserved 1048576K
}

